<?xml version='1.0' encoding='UTF-8'?>
<testsuite hostname="satyaj-ltm2.internal.salesforce.com" name="recfun.CountChangeSuite" tests="4" errors="0" failures="0" skipped="0" time="0.09">
                     <properties>
[...]
</properties>
                     <testcase classname="recfun.CountChangeSuite" name="countChange: example given in instructions" time="0.053">
                                                 
                                               </testcase><testcase classname="recfun.CountChangeSuite" name="countChange: sorted CHF" time="0.016">
                                                 
                                               </testcase><testcase classname="recfun.CountChangeSuite" name="countChange: no pennies" time="0.013">
                                                 
                                               </testcase><testcase classname="recfun.CountChangeSuite" name="countChange: unsorted CHF" time="0.008">
                                                 
                                               </testcase>
                     <system-out></system-out>
                     <system-err></system-err>
                   </testsuite>